[    0.000000] Linux version 4.15.0-163-generic (buildd@lcy01-amd64-021) (gcc version 7.5.0 (Ubuntu 7.5.0-3ubuntu1~18.04)) #171-Ubuntu SMP Fri Nov 5 11:55:11 UTC 2021 (Ubuntu 4.15.0-163.171-generic 4.15.18)
[    0.000000] Command line: BOOT_IMAGE=/boot/vmlinuz-4.15.0-163-generic root=LABEL=cloudimg-rootfs ro console=tty1 console=ttyS0
[    0.000000] KERNEL supported cpus:
[    0.000000]   Intel GenuineIntel
[    0.000000]   AMD AuthenticAMD
[    0.000000]   Centaur CentaurHauls
[    0.000000] x86/fpu: x87 FPU will use FXSAVE
[    0.000000] e820: BIOS-provided physical RAM map:
[    0.000000] BIOS-e820: [mem 0x0000000000000000-0x000000000009fbff] usable
[    0.000000] BIOS-e820: [mem 0x000000000009fc00-0x000000000009ffff] reserved
[    0.000000] BIOS-e820: [mem 0x00000000000f0000-0x00000000000fffff] reserved
[    0.000000] BIOS-e820: [mem 0x0000000000100000-0x000000003ffeffff] usable
[    0.000000] BIOS-e820: [mem 0x000000003fff0000-0x000000003fffffff] ACPI data
[    0.000000] BIOS-e820: [mem 0x00000000fec00000-0x00000000fec00fff] reserved
[    0.000000] BIOS-e820: [mem 0x00000000fee00000-0x00000000fee00fff] reserved
[    0.000000] BIOS-e820: [mem 0x00000000fffc0000-0x00000000ffffffff] reserved
[    0.000000] NX (Execute Disable) protection: active
[    0.000000] SMBIOS 2.5 present.
[    0.000000] DMI: innotek GmbH VirtualBox/VirtualBox, BIOS VirtualBox 12/01/2006
[    0.000000] Hypervisor detected: KVM
[    0.000000] e820: last_pfn = 0x3fff0 max_arch_pfn = 0x400000000
[    0.000000] MTRR: Disabled
[    0.000000] x86/PAT: MTRRs disabled, skipping PAT initialization too.
[    0.000000] CPU MTRRs all blank - virtualized system.
[    0.000000] x86/PAT: Configuration [0-7]: WB  WT  UC- UC  WB  WT  UC- UC  
[    0.000000] found SMP MP-table at [mem 0x0009fff0-0x0009ffff]
[    0.000000] Scanning 1 areas for low memory corruption
[    0.000000] RAMDISK: [mem 0x359c7000-0x36cdafff]
[    0.000000] ACPI: Early table checksum verification disabled
[    0.000000] ACPI: RSDP 0x00000000000E0000 000024 (v02 VBOX  )
[    0.000000] ACPI: XSDT 0x000000003FFF0030 00003C (v01 VBOX   VBOXXSDT 00000001 ASL  00000061)
[    0.000000] ACPI: FACP 0x000000003FFF00F0 0000F4 (v04 VBOX   VBOXFACP 00000001 ASL  00000061)
[    0.000000] ACPI: DSDT 0x000000003FFF0470 002325 (v02 VBOX   VBOXBIOS 00000002 INTL 20100528)
[    0.000000] ACPI: FACS 0x000000003FFF0200 000040
[    0.000000] ACPI: FACS 0x000000003FFF0200 000040
[    0.000000] ACPI: APIC 0x000000003FFF0240 00005C (v02 VBOX   VBOXAPIC 00000001 ASL  00000061)
[    0.000000] ACPI: SSDT 0x000000003FFF02A0 0001CC (v01 VBOX   VBOXCPUT 00000002 INTL 20100528)
[    0.000000] ACPI: Reserving FACP table memory at [mem 0x3fff00f0-0x3fff01e3]
[    0.000000] ACPI: Reserving DSDT table memory at [mem 0x3fff0470-0x3fff2794]
[    0.000000] ACPI: Reserving FACS table memory at [mem 0x3fff0200-0x3fff023f]
[    0.000000] ACPI: Reserving FACS table memory at [mem 0x3fff0200-0x3fff023f]
[    0.000000] ACPI: Reserving APIC table memory at [mem 0x3fff0240-0x3fff029b]
[    0.000000] ACPI: Reserving SSDT table memory at [mem 0x3fff02a0-0x3fff046b]
[    0.000000] No NUMA configuration found
[    0.000000] Faking a node at [mem 0x0000000000000000-0x000000003ffeffff]
[    0.000000] NODE_DATA(0) allocated [mem 0x3ffc5000-0x3ffeffff]
[    0.000000] kvm-clock: cpu 0, msr 0:3ff44001, primary cpu clock
[    0.000000] kvm-clock: Using msrs 4b564d01 and 4b564d00
[    0.000000] kvm-clock: using sched offset of 5687133391 cycles
[    0.000000] clocksource: kvm-clock: mask: 0xffffffffffffffff max_cycles: 0x1cd42e4dffb, max_idle_ns: 881590591483 ns
[    0.000000] Zone ranges:
[    0.000000]   DMA      [mem 0x0000000000001000-0x0000000000ffffff]
[    0.000000]   DMA32    [mem 0x0000000001000000-0x000000003ffeffff]
[    0.000000]   Normal   empty
[    0.000000]   Device   empty
[    0.000000] Movable zone start for each node
[    0.000000] Early memory node ranges
[    0.000000]   node   0: [mem 0x0000000000001000-0x000000000009efff]
[    0.000000]   node   0: [mem 0x0000000000100000-0x000000003ffeffff]
[    0.000000] Reserved but unavailable: 104 pages
[    0.000000] Initmem setup node 0 [mem 0x0000000000001000-0x000000003ffeffff]
[    0.000000] ACPI: PM-Timer IO Port: 0x4008
[    0.000000] IOAPIC[0]: apic_id 2, version 32, address 0xfec00000, GSI 0-23
[    0.000000] ACPI: INT_SRC_OVR (bus 0 bus_irq 0 global_irq 2 dfl dfl)
[    0.000000] ACPI: INT_SRC_OVR (bus 0 bus_irq 9 global_irq 9 low level)
[    0.000000] Using ACPI (MADT) for SMP configuration information
[    0.000000] smpboot: Allowing 2 CPUs, 0 hotplug CPUs
[    0.000000] PM: Registered nosave memory: [mem 0x00000000-0x00000fff]
[    0.000000] PM: Registered nosave memory: [mem 0x0009f000-0x0009ffff]
[    0.000000] PM: Registered nosave memory: [mem 0x000a0000-0x000effff]
[    0.000000] PM: Registered nosave memory: [mem 0x000f0000-0x000fffff]
[    0.000000] e820: [mem 0x40000000-0xfebfffff] available for PCI devices
[    0.000000] Booting paravirtualized kernel on KVM
[    0.000000] clocksource: refined-jiffies: mask: 0xffffffff max_cycles: 0xffffffff, max_idle_ns: 7645519600211568 ns
[    0.000000] random: get_random_bytes called from start_kernel+0x99/0x500 with crng_init=0
[    0.000000] setup_percpu: NR_CPUS:8192 nr_cpumask_bits:2 nr_cpu_ids:2 nr_node_ids:1
[    0.000000] percpu: Embedded 45 pages/cpu s147456 r8192 d28672 u1048576
[    0.000000] PV qspinlock hash table entries: 256 (order: 0, 4096 bytes)
[    0.000000] Built 1 zonelists, mobility grouping on.  Total pages: 257913
[    0.000000] Policy zone: DMA32
[    0.000000] Kernel command line: BOOT_IMAGE=/boot/vmlinuz-4.15.0-163-generic root=LABEL=cloudimg-rootfs ro console=tty1 console=ttyS0
[    0.000000] Memory: 982700K/1048120K available (12300K kernel code, 2483K rwdata, 4320K rodata, 2448K init, 2724K bss, 65420K reserved, 0K cma-reserved)
[    0.000000] SLUB: HWalign=64, Order=0-3, MinObjects=0, CPUs=2, Nodes=1
[    0.000000] Kernel/User page tables isolation: enabled
[    0.000000] ftrace: allocating 39476 entries in 155 pages
[    0.004000] Hierarchical RCU implementation.
[    0.004000] 	RCU restricting CPUs from NR_CPUS=8192 to nr_cpu_ids=2.
[    0.004000] 	Tasks RCU enabled.
[    0.004000] RCU: Adjusting geometry for rcu_fanout_leaf=16, nr_cpu_ids=2
[    0.004000] NR_IRQS: 524544, nr_irqs: 440, preallocated irqs: 16
[    0.004000] Console: colour VGA+ 80x25
[    0.004000] console [tty1] enabled
[    0.004000] console [ttyS0] enabled
[    0.004000] ACPI: Core revision 20170831
[    0.004000] ACPI: 2 ACPI AML tables successfully acquired and loaded
[    0.004000] APIC: Switch to symmetric I/O mode setup
[    0.004000] ..TIMER: vector=0x30 apic1=0 pin1=2 apic2=-1 pin2=-1
[    0.004006] tsc: Detected 2591.998 MHz processor
[    0.008012] Calibrating delay loop (skipped) preset value.. 5183.99 BogoMIPS (lpj=10367992)
[    0.012006] pid_max: default: 32768 minimum: 301
[    0.016093] Security Framework initialized
[    0.020003] Yama: becoming mindful.
[    0.024109] AppArmor: AppArmor initialized
[    0.041040] Dentry cache hash table entries: 131072 (order: 8, 1048576 bytes)
[    0.050695] Inode-cache hash table entries: 65536 (order: 7, 524288 bytes)
[    0.052130] Mount-cache hash table entries: 2048 (order: 2, 16384 bytes)
[    0.056088] Mountpoint-cache hash table entries: 2048 (order: 2, 16384 bytes)
[    0.065578] Last level iTLB entries: 4KB 64, 2MB 8, 4MB 8
[    0.068003] Last level dTLB entries: 4KB 64, 2MB 0, 4MB 0, 1GB 4
[    0.072008] Spectre V1 : Mitigation: usercopy/swapgs barriers and __user pointer sanitization
[    0.076004] Spectre V2 : Mitigation: Full generic retpoline
[    0.080004] Spectre V2 : Spectre v2 / SpectreRSB mitigation: Filling RSB on context switch
[    0.084005] Speculative Store Bypass: Vulnerable
[    0.088048] MDS: Mitigation: Clear CPU buffers
[    0.092173] Freeing SMP alternatives memory: 36K
[    0.220012] APIC calibration not consistent with PM-Timer: 104ms instead of 100ms
[    0.224000] APIC delta adjusted to PM-Timer: 6468016 (6735986)
[    0.224600] smpboot: CPU0: Intel(R) Core(TM) i7-6500U CPU @ 2.50GHz (family: 0x6, model: 0x4e, stepping: 0x3)
[    0.232657] Performance Events: unsupported p6 CPU model 78 no PMU driver, software events only.
[    0.236203] Hierarchical SRCU implementation.
[    0.241023] NMI watchdog: Perf event create on CPU 0 failed with -2
[    0.244005] NMI watchdog: Perf NMI watchdog permanently disabled
[    0.248429] smp: Bringing up secondary CPUs ...
[    0.256007] x86: Booting SMP configuration:
[    0.260003] .... node  #0, CPUs:      #1
[    0.004000] kvm-clock: cpu 1, msr 0:3ff44041, secondary cpu clock
[    0.275608] TSC synchronization [CPU#0 -> CPU#1]:
[    0.276000] Measured 110140 cycles TSC warp between CPUs, turning off TSC clock.
[    0.276000] tsc: Marking TSC unstable due to check_tsc_sync_source failed
[    0.280342] smp: Brought up 1 node, 2 CPUs
[    0.284007] smpboot: Max logical packages: 1
[    0.288004] smpboot: Total of 2 processors activated (10367.99 BogoMIPS)
[    0.296723] devtmpfs: initialized
[    0.300123] x86/mm: Memory block size: 128MB
[    0.304504] evm: security.selinux
[    0.308003] evm: security.SMACK64
[    0.312003] evm: security.SMACK64EXEC
[    0.316002] evm: security.SMACK64TRANSMUTE
[    0.320003] evm: security.SMACK64MMAP
[    0.324003] evm: security.apparmor
[    0.328003] evm: security.ima
[    0.332003] evm: security.capability
[    0.340424] clocksource: jiffies: mask: 0xffffffff max_cycles: 0xffffffff, max_idle_ns: 7645041785100000 ns
[    0.344008] futex hash table entries: 512 (order: 3, 32768 bytes)
[    0.348232] pinctrl core: initialized pinctrl subsystem
[    0.352833] RTC time:  0:36:05, date: 01/04/22
[    0.361105] NET: Registered protocol family 16
[    0.364155] audit: initializing netlink subsys (disabled)
[    0.368303] audit: type=2000 audit(1641256571.162:1): state=initialized audit_enabled=0 res=1
[    0.384008] cpuidle: using governor ladder
[    0.388009] cpuidle: using governor menu
[    0.392064] ACPI: bus type PCI registered
[    0.396004] acpiphp: ACPI Hot Plug PCI Controller Driver version: 0.5
[    0.400716] PCI: Using configuration type 1 for base access
[    0.412327] HugeTLB registered 2.00 MiB page size, pre-allocated 0 pages
[    0.424282] ACPI: Added _OSI(Module Device)
[    0.428003] ACPI: Added _OSI(Processor Device)
[    0.432003] ACPI: Added _OSI(3.0 _SCP Extensions)
[    0.436004] ACPI: Added _OSI(Processor Aggregator Device)
[    0.440005] ACPI: Added _OSI(Linux-Dell-Video)
[    0.444006] ACPI: Added _OSI(Linux-Lenovo-NV-HDMI-Audio)
[    0.448006] ACPI: Added _OSI(Linux-HPI-Hybrid-Graphics)
[    0.453248] ACPI: Executed 1 blocks of module-level executable AML code
[    0.464125] ACPI: Interpreter enabled
[    0.468015] ACPI: (supports S0 S5)
[    0.472003] ACPI: Using IOAPIC for interrupt routing
[    0.476537] PCI: Using host bridge windows from ACPI; if necessary, use "pci=nocrs" and report a bug
[    0.480339] ACPI: Enabled 2 GPEs in block 00 to 07
[    0.500204] ACPI: PCI Root Bridge [PCI0] (domain 0000 [bus 00-ff])
[    0.504009] acpi PNP0A03:00: _OSC: OS supports [ASPM ClockPM Segments MSI]
[    0.512033] acpi PNP0A03:00: _OSC: not requesting OS control; OS requires [ExtendedConfig ASPM ClockPM MSI]
[    0.516018] acpi PNP0A03:00: fail to add MMCONFIG information, can't access extended PCI configuration space under this bridge.
[    0.521043] PCI host bridge to bus 0000:00
[    0.524007] pci_bus 0000:00: root bus resource [io  0x0000-0x0cf7 window]
[    0.528005] pci_bus 0000:00: root bus resource [io  0x0d00-0xffff window]
[    0.532006] pci_bus 0000:00: root bus resource [mem 0x000a0000-0x000bffff window]
[    0.536006] pci_bus 0000:00: root bus resource [mem 0x40000000-0xfdffffff window]
[    0.540005] pci_bus 0000:00: root bus resource [bus 00-ff]
[    0.553453] pci 0000:00:01.1: legacy IDE quirk: reg 0x10: [io  0x01f0-0x01f7]
[    0.556005] pci 0000:00:01.1: legacy IDE quirk: reg 0x14: [io  0x03f6]
[    0.560004] pci 0000:00:01.1: legacy IDE quirk: reg 0x18: [io  0x0170-0x0177]
[    0.564005] pci 0000:00:01.1: legacy IDE quirk: reg 0x1c: [io  0x0376]
[    0.636716] pci 0000:00:07.0: quirk: [io  0x4000-0x403f] claimed by PIIX4 ACPI
[    0.640050] pci 0000:00:07.0: quirk: [io  0x4100-0x410f] claimed by PIIX4 SMB
[    0.653565] ACPI: PCI Interrupt Link [LNKA] (IRQs 5 9 10 *11)
[    0.656761] ACPI: PCI Interrupt Link [LNKB] (IRQs 5 9 *10 11)
[    0.660281] ACPI: PCI Interrupt Link [LNKC] (IRQs 5 *9 10 11)
[    0.664299] ACPI: PCI Interrupt Link [LNKD] (IRQs 5 9 10 *11)
[    0.669059] SCSI subsystem initialized
[    0.672288] pci 0000:00:02.0: vgaarb: setting as boot VGA device
[    0.676000] pci 0000:00:02.0: vgaarb: VGA device added: decodes=io+mem,owns=io+mem,locks=none
[    0.676010] pci 0000:00:02.0: vgaarb: bridge control possible
[    0.680003] vgaarb: loaded
[    0.684115] ACPI: bus type USB registered
[    0.688049] usbcore: registered new interface driver usbfs
[    0.692014] usbcore: registered new interface driver hub
[    0.696016] usbcore: registered new device driver usb
[    0.700340] EDAC MC: Ver: 3.0.0
[    0.709198] PCI: Using ACPI for IRQ routing
[    0.712958] NetLabel: Initializing
[    0.716003] NetLabel:  domain hash size = 128
[    0.720003] NetLabel:  protocols = UNLABELED CIPSOv4 CALIPSO
[    0.724022] NetLabel:  unlabeled traffic allowed by default
[    0.732296] clocksource: Switched to clocksource kvm-clock
[    0.744481] VFS: Disk quotas dquot_6.6.0
[    0.744481] VFS: Dquot-cache hash table entries: 512 (order 0, 4096 bytes)
[    0.744481] AppArmor: AppArmor Filesystem Enabled
[    0.744481] pnp: PnP ACPI init
[    0.837134] pnp: PnP ACPI: found 3 devices
[    0.911082] clocksource: acpi_pm: mask: 0xffffff max_cycles: 0xffffff, max_idle_ns: 2085701024 ns
[    0.912344] NET: Registered protocol family 2
[    0.912344] IP idents hash table entries: 16384 (order: 5, 131072 bytes)
[    0.950805] TCP established hash table entries: 8192 (order: 4, 65536 bytes)
[    0.963723] TCP bind hash table entries: 8192 (order: 5, 131072 bytes)
[    0.974360] TCP: Hash tables configured (established 8192 bind 8192)
[    0.977595] UDP hash table entries: 512 (order: 2, 16384 bytes)
[    0.977595] UDP-Lite hash table entries: 512 (order: 2, 16384 bytes)
[    0.977595] NET: Registered protocol family 1
[    0.977595] pci 0000:00:00.0: Limiting direct PCI/PCI transfers
[    0.977595] pci 0000:00:01.0: Activating ISA DMA hang workarounds
[    0.977595] pci 0000:00:02.0: Video device with shadowed ROM at [mem 0x000c0000-0x000dffff]
[    0.977595] Unpacking initramfs...
[    1.267027] Freeing initrd memory: 19536K
[    1.267027] clocksource: tsc: mask: 0xffffffffffffffff max_cycles: 0x255cb518234, max_idle_ns: 440795279333 ns
[    1.267027] platform rtc_cmos: registered platform RTC device (no PNP device found)
[    1.267027] Scanning for low memory corruption every 60 seconds
[    1.732918] Initialise system trusted keyrings
[    1.739382] Key type blacklist registered
[    1.746308] workingset: timestamp_bits=36 max_order=18 bucket_order=0
[    1.756829] zbud: loaded
[    1.762329] squashfs: version 4.0 (2009/01/31) Phillip Lougher
[    1.771824] fuse init (API version 7.26)
[    1.806034] Key type asymmetric registered
[    1.812228] Asymmetric key parser 'x509' registered
[    1.819135] Block layer SCSI generic (bsg) driver version 0.4 loaded (major 246)
[    1.829810] io scheduler noop registered
[    1.835806] io scheduler deadline registered
[    1.841653] io scheduler cfq registered (default)
[    1.848969] ACPI: AC Adapter [AC] (on-line)
[    1.854603] input: Power Button as /devices/LNXSYSTM:00/LNXPWRBN:00/input/input0
[    1.864764] ACPI: Power Button [PWRF]
[    1.870409] input: Sleep Button as /devices/LNXSYSTM:00/LNXSLPBN:00/input/input1
[    1.879755] ACPI: Sleep Button [SLPF]
[    1.886667] Serial: 8250/16550 driver, 32 ports, IRQ sharing enabled
[    1.889474] ACPI: Battery Slot [BAT0] (battery present)
[    1.927630] 00:02: ttyS0 at I/O 0x3f8 (irq = 4, base_baud = 115200) is a 16550A
[    1.939050] Linux agpgart interface v0.103
[    1.948241] loop: module loaded
[    1.956572] scsi host0: ata_piix
[    1.963221] scsi host1: ata_piix
[    1.967613] ata1: PATA max UDMA/33 cmd 0x1f0 ctl 0x3f6 bmdma 0xd000 irq 14
[    1.971510] ata2: PATA max UDMA/33 cmd 0x170 ctl 0x376 bmdma 0xd008 irq 15
[    1.985136] libphy: Fixed MDIO Bus: probed
[    1.991406] tun: Universal TUN/TAP device driver, 1.6
[    1.998829] PPP generic driver version 2.4.2
[    2.004591] ehci_hcd: USB 2.0 'Enhanced' Host Controller (EHCI) Driver
[    2.008488] ehci-pci: EHCI PCI platform driver
[    2.008488] ehci-platform: EHCI generic platform driver
[    2.008488] ohci_hcd: USB 1.1 'Open' Host Controller (OHCI) Driver
[    2.008488] ohci-pci: OHCI PCI platform driver
[    2.008488] ohci-platform: OHCI generic platform driver
[    2.008488] uhci_hcd: USB Universal Host Controller Interface driver
[    2.008488] i8042: PNP: PS/2 Controller [PNP0303:PS2K,PNP0f03:PS2M] at 0x60,0x64 irq 1,12
[    2.008488] serio: i8042 KBD port at 0x60,0x64 irq 1
[    2.008488] serio: i8042 AUX port at 0x60,0x64 irq 12
[    2.008488] mousedev: PS/2 mouse device common for all mice
[    2.103561] rtc_cmos rtc_cmos: rtc core: registered rtc_cmos as rtc0
[    2.112914] rtc_cmos rtc_cmos: alarms up to one day, 114 bytes nvram
[    2.121286] i2c /dev entries driver
[    2.126174] device-mapper: uevent: version 1.0.3
[    2.133867] device-mapper: ioctl: 4.37.0-ioctl (2017-09-20) initialised: dm-devel@redhat.com
[    2.146835] input: AT Translated Set 2 keyboard as /devices/platform/i8042/serio0/input/input2
[    2.180616] ledtrig-cpu: registered to indicate activity on CPUs
[    2.215199] NET: Registered protocol family 10
[    2.234198] Segment Routing with IPv6
[    2.239393] NET: Registered protocol family 17
[    2.246640] Key type dns_resolver registered
[    2.252838] mce: Using 0 MCE banks
[    2.257488] RAS: Correctable Errors collector initialized.
[    2.264861] sched_clock: Marking stable (2264796836, 0)->(3817740014, -1552943178)
[    2.279582] registered taskstats version 1
[    2.285524] Loading compiled-in X.509 certificates
[    2.299034] Loaded X.509 cert 'Build time autogenerated kernel key: f60a4c8d126e94dbf36c5faa43fb49029eeea9a9'
[    2.312583] Loaded X.509 cert 'Canonical Ltd. Live Patch Signing: 14df34d1a87cf37625abec039ef2bf521249b969'
[    2.325796] Loaded X.509 cert 'Canonical Ltd. Kernel Module Signing: 88f752e560a1e0737e31163a466ad7b70a850c19'
[    2.339085] zswap: loaded using pool lzo/zbud
[    2.359702] Key type big_key registered
[    2.365683] Key type trusted registered
[    2.377080] Key type encrypted registered
[    2.382944] AppArmor: AppArmor sha1 policy hashing enabled
[    2.390481] ima: No TPM chip found, activating TPM-bypass! (rc=-19)
[    2.398817] ima: Allocated hash algorithm: sha1
[    2.405009] evm: HMAC attrs: 0x1
[    2.410786]   Magic number: 6:844:606
[    2.416545] rtc_cmos rtc_cmos: setting system clock to 2022-01-04 00:36:07 UTC (1641256567)
[    2.427676] BIOS EDD facility v0.16 2004-Jun-25, 0 devices found
[    2.436120] EDD information not available.
[    2.446591] Freeing unused kernel image memory: 2448K
[    2.477933] Write protecting the kernel read-only data: 20480k
[    2.501596] Freeing unused kernel image memory: 2008K
[    2.509979] Freeing unused kernel image memory: 1824K
[    2.523144] x86/mm: Checked W+X mappings: passed, no W+X pages found.
[    2.531273] x86/mm: Checking user space page tables
[    2.543808] x86/mm: Checked W+X mappings: passed, no W+X pages found.
Loading, please wait...
starting version 237
[    2.700852] e1000: Intel(R) PRO/1000 Network Driver - version 7.3.21-k8-NAPI
[    2.709119] Fusion MPT base driver 3.04.20
[    2.711075] e1000: Copyright (c) 1999-2006 Intel Corporation.
[    2.715398] Copyright (c) 1999-2008 LSI Corporation
[    2.766519] Fusion MPT SPI Host driver 3.04.20
[    2.932838] input: ImExPS/2 Generic Explorer Mouse as /devices/platform/i8042/serio1/input/input4
[    3.589131] e1000 0000:00:03.0 eth0: (PCI:33MHz:32-bit) 02:29:e0:c3:be:94
[    3.599846] e1000 0000:00:03.0 eth0: Intel(R) PRO/1000 Network Connection
[    3.612837] mptbase: ioc0: Initiating bringup
[    3.621058] e1000 0000:00:03.0 enp0s3: renamed from eth0
[    3.745580] ioc0: LSI53C1030 A0: Capabilities={Initiator}
[    4.034472] scsi host2: ioc0: LSI53C1030 A0, FwRev=00000000h, Ports=1, MaxQ=256, IRQ=20
[    4.219061] scsi 2:0:0:0: Direct-Access     VBOX     HARDDISK         1.0  PQ: 0 ANSI: 5
[    4.268262] scsi target2:0:0: Beginning Domain Validation
[    4.287637] scsi target2:0:0: Domain Validation skipping write tests
[    4.297493] scsi target2:0:0: Ending Domain Validation
[    4.304919] scsi target2:0:0: asynchronous
[    4.312638] random: fast init done
[    4.320768] scsi 2:0:1:0: Direct-Access     VBOX     HARDDISK         1.0  PQ: 0 ANSI: 5
[    4.365292] scsi target2:0:1: Beginning Domain Validation
[    4.391273] scsi target2:0:1: Domain Validation skipping write tests
[    4.400251] scsi target2:0:1: Ending Domain Validation
[    4.407562] scsi target2:0:1: asynchronous
[    4.432477] sd 2:0:0:0: Attached scsi generic sg0 type 0
[    4.433434] sd 2:0:0:0: [sda] 83886080 512-byte logical blocks: (42.9 GB/40.0 GiB)
[    4.445140] random: systemd-udevd: uninitialized urandom read (16 bytes read)
[    4.450800] sd 2:0:0:0: [sda] Write Protect is off
[    4.460938] random: systemd-udevd: uninitialized urandom read (16 bytes read)
[    4.476517] random: systemd-udevd: uninitialized urandom read (16 bytes read)
[    4.477538] sd 2:0:0:0: [sda] Incomplete mode parameter data
[    4.486748] sd 2:0:1:0: Attached scsi generic sg1 type 0
[    4.494811] sd 2:0:0:0: [sda] Assuming drive cache: write through
[    4.511559] sd 2:0:1:0: [sdb] 20480 512-byte logical blocks: (10.5 MB/10.0 MiB)
[    4.517607]  sda: sda1
[    4.526689] sd 2:0:1:0: [sdb] Write Protect is off
[    4.529470] sd 2:0:0:0: [sda] Attached SCSI disk
[    4.540313] sd 2:0:1:0: [sdb] Incomplete mode parameter data
[    4.548259] sd 2:0:1:0: [sdb] Assuming drive cache: write through
[    4.568588] sd 2:0:1:0: [sdb] Attached SCSI disk
Begin: Loading essential drivers ... [    7.068726] raid6: sse2x1   gen()  9390 MB/s
[    7.120535] raid6: sse2x1   xor()  6948 MB/s
[    7.172278] raid6: sse2x2   gen() 11243 MB/s
[    7.224934] raid6: sse2x2   xor()  8282 MB/s
[    7.276685] raid6: sse2x4   gen() 13180 MB/s
[    7.328448] raid6: sse2x4   xor()  8630 MB/s
[    7.334351] raid6: using algorithm sse2x4 gen() 13180 MB/s
[    7.341753] raid6: .... xor() 8630 MB/s, rmw enabled
[    7.348303] raid6: using ssse3x2 recovery algorithm
[    7.358049] xor: measuring software checksum speed
[42595.300966] INFO: rcu_sched detected stalls on CPUs/tasks:
[42595.308370] 	1-...!: (1 GPs behind) idle=2c2/140000000000000/0 softirq=627/628 fqs=1 
[42595.320405] 	(detected by 0, t=201621 jiffies, g=-147, c=-148, q=29)
[42595.415725] Sending NMI from CPU 0 to CPUs 1:
[42607.607365] rcu_sched kthread starved for 201618 jiffies! g18446744073709551469 c18446744073709551468 f0x0 RCU_GP_WAIT_FQS(3) ->state=0x402 ->cpu=0
[42607.631135] rcu_sched       I    0     8      2 0x80000000
[42607.645048] Call Trace:
[42607.648970]  __schedule+0x24e/0x890
[42607.659461]  schedule+0x2c/0x80
[42607.664519]  schedule_timeout+0x15d/0x370
[42607.671164]  ? __next_timer_interrupt+0xe0/0xe0
[42607.691699]  rcu_gp_kthread+0x53a/0x980
[42607.700787]  kthread+0x121/0x140
[42607.706434]  ? rcu_note_context_switch+0x150/0x150
[42607.724377]  ? kthread_create_worker_on_cpu+0x70/0x70
[42607.732858]  ret_from_fork+0x35/0x40
[42607.738220] INFO: rcu_sched detected stalls on CPUs/tasks:
[42607.746361] 	1-...!: (1 GPs behind) idle=2c2/140000000000000/0 softirq=627/628 fqs=1 
[42607.766733] 	(detected by 0, t=10650091 jiffies, g=-147, c=-148, q=29)
[42607.778218] Sending NMI from CPU 0 to CPUs 1:
[42607.786713] NMI backtrace for cpu 1
[42607.786714] CPU: 1 PID: 250 Comm: modprobe Not tainted 4.15.0-163-generic #171-Ubuntu
[42607.786714] Hardware name: innotek GmbH VirtualBox/VirtualBox, BIOS VirtualBox 12/01/2006
[42607.786715] RIP: 0010:__kernel_fpu_begin+0xa4/0xb0
[42607.786715] RSP: 0018:ffffbab4404afbc8 EFLAGS: 00010202
[42607.786716] RAX: 0000000000000000 RBX: ffff9af3b68d2b80 RCX: ffff9af3b68d2b80
[42607.786717] RDX: ffff9af3b668b000 RSI: ffff9af3b6688000 RDI: 0000000000001000
[42607.786717] RBP: ffffbab4404afbd0 R08: ffffffffc0480680 R09: 0000000000000000
[42607.786718] R10: 0000000000000001 R11: ffffffffa31339e0 R12: ffff9af3b6688000
[42607.786718] R13: ffff9af3b668b000 R14: 0000000000000003 R15: 0000000100a16427
[42607.786719] FS:  00007f6647299540(0000) GS:ffff9af3bfd00000(0000) knlGS:0000000000000000
[42607.786719] CS:  0010 DS: 0000 ES: 0000 CR0: 0000000080050033
[42607.786719] CR2: 00007f6800cbc5a0 CR3: 0000000036bba006 CR4: 00000000000206e0
[42607.786720] Call Trace:
[42607.786720]  kernel_fpu_begin+0xe/0x10
[42607.786721]  xor_sse_2_pf64+0x20/0x1a0 [xor]
[42607.786721]  do_xor_speed+0x7d/0xc9 [xor]
[42607.786721]  calibrate_xor_blocks+0xc3/0xf37 [xor]
[42607.786722]  ? do_xor_speed+0xc9/0xc9 [xor]
[42607.786722]  do_one_initcall+0x52/0x1a0
[42607.786722]  ? _cond_resched+0x19/0x40
[42607.786723]  ? kmem_cache_alloc_trace+0x167/0x1d0
[42607.786723]  ? do_init_module+0x27/0x211
[42607.786723]  do_init_module+0x5f/0x211
[42607.786724]  load_module+0x1772/0x2000
[42607.786724]  ? ima_post_read_file+0x96/0xa0
[42607.786725]  SYSC_finit_module+0xfc/0x120
[42607.786725]  ? SYSC_finit_module+0xfc/0x120
[42607.786725]  SyS_finit_module+0xe/0x10
[42607.786726]  do_syscall_64+0x73/0x130
[42607.786726]  entry_SYSCALL_64_after_hwframe+0x41/0xa6
[42607.786726] RIP: 0033:0x7f6646d9c639
[42607.786727] RSP: 002b:00007ffe5e103398 EFLAGS: 00000246 ORIG_RAX: 0000000000000139
[42607.786728] RAX: ffffffffffffffda RBX: 000056047326f700 RCX: 00007f6646d9c639
[42607.786728] RDX: 0000000000000000 RSI: 0000560472f96cee RDI: 0000000000000005
[42607.786729] RBP: 0000560472f96cee R08: 0000000000000000 R09: 000056047326ee00
[42607.786729] R10: 0000000000000005 R11: 0000000000000246 R12: 0000000000000000
[42607.786730] R13: 0000560473276550 R14: 0000000000060000 R15: 000056047326ee00
[42607.786730] Code: 01 48 8d bb c0 13 00 00 85 c0 74 21 bb ff ff ff ff 89 d8 89 da 48 0f ae 27 31 db 85 db 74 b9 0f 0b eb b5 48 0f ae 83 c0 13 00 00 <eb> ab 0f 0b eb db 66 0f 1f 44 00 00 0f 1f 44 00 00 55 48 89 e5 
[42607.787265] rcu_sched kthread starved for 10650088 jiffies! g18446744073709551469 c18446744073709551468 f0x2 RCU_GP_WAIT_FQS(3) ->state=0x0 ->cpu=0
[42608.220985] rcu_sched       R  running task        0     8      2 0x80000000
[42608.232577] Call Trace:
[42608.236675]  __schedule+0x24e/0x890
[42608.246603]  schedule+0x2c/0x80
[42608.267283]  schedule_timeout+0x15d/0x370
[42608.282300]  ? __next_timer_interrupt+0xe0/0xe0
[42608.297830]  rcu_gp_kthread+0x53a/0x980
[42608.340268]  kthread+0x121/0x140
[42608.350587]  ? rcu_note_context_switch+0x150/0x150
[42608.357974]  ? kthread_create_worker_on_cpu+0x70/0x70
[42608.365979]  ret_from_fork+0x35/0x40
[42608.420925]    prefetch64-sse: 1309535.000 MB/sec
[42608.518135]    generic_sse: 23261.000 MB/sec
[42608.530606] xor: using function: prefetch64-sse (1309535.000 MB/sec)
[42608.551750] async_tx: api initialized (async)
done.
Begin: Running /scripts/init-premount ... done.
Begin: Mounting root file system ... Begin: Running /scripts/local-top ... done.
Begin: Running /scripts/local-premount ... [42608.698253] Btrfs loaded, crc32c=crc32c-intel
Scanning for Btrfs filesystems
done.
Warning: fsck not present, so skipping root file system
[42608.807245] EXT4-fs (sda1): mounted filesystem with ordered data mode. Opts: (null)
done.
Begin: Running /scripts/local-bottom ... done.
Begin: Running /scripts/init-bottom ... done.
[42609.273563] ip_tables: (C) 2000-2006 Netfilter Core Team
[42609.322702] systemd[1]: systemd 237 running in system mode. (+PAM +AUDIT +SELINUX +IMA +APPARMOR +SMACK +SYSVINIT +UTMP +LIBCRYPTSETUP +GCRYPT +GNUTLS +ACL +XZ +LZ4 +SECCOMP +BLKID +ELFUTILS +KMOD -IDN2 +IDN -PCRE2 default-hierarchy=hybrid)
[42609.379016] systemd[1]: Detected virtualization oracle.
[42609.390024] systemd[1]: Detected architecture x86-64.

Welcome to [1mUbuntu 18.04.6 LTS[0m!

[42609.469043] systemd[1]: Set hostname to <ubuntu>.
[42609.489518] systemd[1]: Initializing machine ID from random generator.
[42609.501112] systemd[1]: Installed transient /etc/machine-id file.
[42610.317405] systemd[1]: Created slice User and Session Slice.
[[0;32m  OK  [0m] Created slice User and Session Slice.
[42610.373588] systemd[1]: Created slice System Slice.
[[0;32m  OK  [0m] Created slice System Slice.
[42610.388587] systemd[1]: Listening on Syslog Socket.
[[0;32m  OK  [0m] Listening on Syslog Socket.
[42610.404818] systemd[1]: Listening on udev Control Socket.
[[0;32m  OK  [0m] Listening on udev Control Socket.
[[0;32m  OK  [0m] Listening on /dev/initctl Compatibility Named Pipe.
[[0;32m  OK  [0m] Created slice system-serial\x2dgetty.slice.
[[0;32m  OK  [0m] Reached target System Time Synchronized.
[[0;32m  OK  [0m] Listening on udev Kernel Socket.
[[0;32m  OK  [0m] Listening on Device-mapper event daemon FIFOs.
[[0;32m  OK  [0m] Set up automount Arbitrary Executab…rmats File System Automount Point.
[[0;32m  OK  [0m] Listening on Journal Audit Socket.
[[0;32m  OK  [0m] Listening on LVM2 metadata daemon socket.
[[0;32m  OK  [0m] Listening on Journal Socket (/dev/log).
[[0;32m  OK  [0m] Listening on Network Service Netlink Socket.
[[0;32m  OK  [0m] Listening on fsck to fsckd communication Socket.
[[0;32m  OK  [0m] Reached target Swap.
[[0;32m  OK  [0m] Listening on LVM2 poll daemon socket.
[[0;32m  OK  [0m] Reached target User and Group Name Lookups.
[[0;32m  OK  [0m] Started Forward Password Requests to Wall Directory Watch.
[[0;32m  OK  [0m] Listening on Journal Socket.
         Starting Load Kernel Modules...
         Mounting Kernel Debug File System...
         Starting Uncomplicated firewall...
         Mounting POSIX Message Queue File System...
         Starting File System Check on Root Device...
[42610.559692] Loading iSCSI transport class v2.0-870.
         Starting udev Coldplug all Devices...
         Starting Set the console keyboard layout...
         Mounting Huge Pages File System...
[42610.613429] iscsi: registered transport (tcp)
         Starting Create list of required st…ce nodes for the current kernel...
         Starting Monitoring of LVM2 mirrors…ng dmeventd or progress polling...
         Starting Journal Service...
[[0;32m  OK  [0m] Reached target Slices.
[[0;32m  OK  [0m] Mounted Kernel Debug File System.
[[0;32m  OK  [0m] Started Uncomplicated firewall.
[[0;32m  OK  [0m] Mounted POSIX Message Queue File System.
[[0;32m  OK  [0m] Started File System Check on Root Device.
[[0;32m  OK  [0m] Mounted Huge Pages File System.
[[0;32m  OK  [0m] Started Create list of required sta…vice nodes for the current kernel.
[[0;32m  OK  [0m] Started File System Check Daemon to report status.
         Starting Create Static Device Nodes in /dev...
         Starting Remount Root and Kernel File Systems...
[[0;32m  OK  [0m] Started LVM2 metadata daemon.
[[0;32m  OK  [0m] Started Journal Service.
[[0;32m  OK  [0m] Started udev Coldplug all Devices.[42611.163050] EXT4-fs (sda1): re-mounted. Opts: (null)

[[0;32m  OK  [0m] Started Remount Root and Kernel File Systems.
         Starting Load/Save Random Seed...
[42611.233424] random: crng init done
[42611.239618] random: 7 urandom warning(s) missed due to ratelimiting
         Starting Flush Journal to Persistent Storage...
[[0;32m  OK  [0m] Started Monitoring of LVM2 mirrors,…sing dmeventd or progress polling.
[[0;32m  OK  [0m] Started Create Static Device Nodes in /dev.
[42611.373178] iscsi: registered transport (iser)
         Starting udev Kernel Device Manager...
[[0;32m  OK  [0m] Started Load Kernel Modules.
[[0;32m  OK  [0m] Started Load/Save Random Seed.
         Starting Apply Kernel Variables...
         Mounting Kernel Configuration File System...
         Mounting FUSE Control File System...
[[0;32m  OK  [0m] Mounted Kernel Configuration File System.
[[0;32m  OK  [0m] Mounted FUSE Control File System.
[42611.569601] systemd-journald[398]: Received request to flush runtime journal from PID 1
[[0;32m  OK  [0m] Started udev Kernel Device Manager.
[[0;32m  OK  [0m] Started Apply Kernel Variables.
[[0;32m  OK  [0m] Started Flush Journal to Persistent Storage.
[[0;32m  OK  [0m] Found device /dev/ttyS0.
[[0;32m  OK  [0m] Listening on Load/Save RF Kill Switch Status /dev/rfkill Watch.
[[0;32m  OK  [0m] Started Set the console keyboard layout.
[[0;32m  OK  [0m] Reached target Local File Systems (Pre).
[[0;32m  OK  [0m] Reached target Local File Systems.
         Starting ebtables ruleset management...
         Starting Set console font and keymap...
         Starting AppArmor initialization...
         Starting Tell Plymouth To Write Out Runtime Data...
         Starting Commit a transient machine-id on disk...
         Starting Create Volatile Files and Directories...
[[0;32m  OK  [0m] Started Dispatch Password Requests to Console Directory Watch.
[[0;32m  OK  [0m] Reached target Local Encrypted Volumes.
[[0;32m  OK  [0m] Started Tell Plymouth To Write Out Runtime Data.
[[0;32m  OK  [0m] Started Create Volatile Files and Directories.
         Starting Update UTMP about System Boot/Shutdown...
[[0;32m  OK  [0m] Started Update UTMP about System Boot/Shutdown.
[[0;32m  OK  [0m] Started Commit a transient machine-id on disk.
[[0;32m  OK  [0m] Started ebtables ruleset management.
[[0;32m  OK  [0m] Started AppArmor initialization.
         Starting Initial cloud-init job (pre-networking)...
         Starting Load AppArmor profiles managed internally by snapd...
[[0;32m  OK  [0m] Started Load AppArmor profiles managed internally by snapd.
[[0;32m  OK  [0m] Started Set console font and keymap.
[42621.844035] cloud-init[752]: Cloud-init v. 21.4-0ubuntu1~18.04.1 running 'init-local' at Tue, 04 Jan 2022 12:26:25 +0000. Up 42620.78 seconds.
[[0;32m  OK  [0m] Started Initial cloud-init job (pre-networking).
[[0;32m  OK  [0m] Reached target Network (Pre).
         Starting Network Service...
[[0;32m  OK  [0m] Started Network Service.
         Starting Wait for Network to be Configured...
         Starting Network Name Resolution...
[[0;32m  OK  [0m] Started Network Name Resolution.
[[0;32m  OK  [0m] Reached target Host and Network Name Lookups.
[[0;32m  OK  [0m] Reached target Network.
[[0;32m  OK  [0m] Started Wait for Network to be Configured.
         Starting Initial cloud-init job (metadata service crawler)...
[42624.741112] cloud-init[888]: Cloud-init v. 21.4-0ubuntu1~18.04.1 running 'init' at Tue, 04 Jan 2022 12:26:29 +0000. Up 42624.37 seconds.
[42624.761037] cloud-init[888]: ci-info: ++++++++++++++++++++++++++++++++++++++Net device info++++++++++++++++++++++++++++++++++++++
[42624.769982] cloud-init[888]: ci-info: +--------+------+----------------------------+---------------+--------+-------------------+
[42624.783607] cloud-init[888]: ci-info: | Device |  Up  |          Address           |      Mask     | Scope  |     Hw-Address    |
[42624.791133] cloud-init[888]: ci-info: +--------+------+----------------------------+---------------+--------+-------------------+
[42624.798706] cloud-init[888]: ci-info: | enp0s3 | True |         10.0.2.15          | 255.255.255.0 | global | 02:29:e0:c3:be:94 |
[42624.811204] cloud-init[888]: ci-info: | enp0s3 | True | fe80::29:e0ff:fec3:be94/64 |       .       |  link  | 02:29:e0:c3:be:94 |
[42624.819621] cloud-init[888]: ci-info: |   lo   | True |         127.0.0.1          |   255.0.0.0   |  host  |         .         |
[42624.833539] cloud-init[888]: ci-info: |   lo   | True |          ::1/128           |       .       |  host  |         .         |
[42624.849328] cloud-init[888]: ci-info: +--------+------+----------------------------+---------------+--------+-------------------+
[42624.862357] cloud-init[888]: ci-info: ++++++++++++++++++++++++++++Route IPv4 info+++++++++++++++++++++++++++++
[42624.884833] cloud-init[888]: ci-info: +-------+-------------+----------+-----------------+-----------+-------+
[42624.896126] cloud-init[888]: ci-info: | Route | Destination | Gateway  |     Genmask     | Interface | Flags |
[42624.907245] cloud-init[888]: ci-info: +-------+-------------+----------+-----------------+-----------+-------+
[42624.922311] cloud-init[888]: ci-info: |   0   |   0.0.0.0   | 10.0.2.2 |     0.0.0.0     |   enp0s3  |   UG  |
[42624.933539] cloud-init[888]: ci-info: |   1   |   10.0.2.0  | 0.0.0.0  |  255.255.255.0  |   enp0s3  |   U   |
[42624.948297] cloud-init[888]: ci-info: |   2   |   10.0.2.2  | 0.0.0.0  | 255.255.255.255 |   enp0s3  |   UH  |
[42624.962048] cloud-init[888]: ci-info: +-------+-------------+----------+-----------------+-----------+-------+
[42624.972983] cloud-init[888]: ci-info: +++++++++++++++++++Route IPv6 info+++++++++++++++++++
[42624.983362] cloud-init[888]: ci-info: +-------+-------------+---------+-----------+-------+
[42624.992915] cloud-init[888]: ci-info: | Route | Destination | Gateway | Interface | Flags |
[42625.002392] cloud-init[888]: ci-info: +-------+-------------+---------+-----------+-------+
[42625.012134] cloud-init[888]: ci-info: |   1   |  fe80::/64  |    ::   |   enp0s3  |   U   |
[42625.050800] cloud-init[888]: ci-info: |   3   |    local    |    ::   |   enp0s3  |   U   |
[42625.060884] cloud-init[888]: ci-info: |   4   |   ff00::/8  |    ::   |   enp0s3  |   U   |
[42625.070695] cloud-init[888]: ci-info: +-------+-------------+---------+-----------+-------+
[42626.787414] cloud-init[888]: Generating public/private rsa key pair.
[42626.796801] cloud-init[888]: Your identification has been saved in /etc/ssh/ssh_host_rsa_key.
[42626.806193] cloud-init[888]: Your public key has been saved in /etc/ssh/ssh_host_rsa_key.pub.
[42626.815972] cloud-init[888]: The key fingerprint is:
[42626.834624] cloud-init[888]: SHA256:UBY26NI3jH4poLcbK7a7EtSvGfXcQkvuC0AZ4NfdFs4 root@ubuntu-bionic
[42626.843992] cloud-init[888]: The key's randomart image is:
[42626.852021] cloud-init[888]: +---[RSA 2048]----+
[42626.860268] cloud-init[888]: | ...   .*o       |
[42626.867986] cloud-init[888]: |.   + o++..      |
[42626.875613] cloud-init[888]: | ..+ +.+ E       |
[42626.883323] cloud-init[888]: | .o.o.++=        |
[42626.892972] cloud-init[888]: |.  oo+*.So       |
[42626.928030] cloud-init[888]: |. ..o.o*o.       |
[42626.935303] cloud-init[888]: | . .=o.o.        |
[42626.942752] cloud-init[888]: |. oo.o..         |
[42626.978227] cloud-init[888]: | o+=o. ..        |
[[0;32m  OK  [0m] Started Initial cloud-init job (metadata service crawler).[42626.985717] cloud-init[888]: +----[SHA256]-----+

[[0;32m  OK  [0m] Reached target System Initialization.
[42627.008410] cloud-init[888]: Generating public/private dsa key pair.
[42627.022872] cloud-init[888]: Your identification has been saved in /etc/ssh/ssh_host_dsa_key.
[42627.033921] cloud-init[888]: Your public key has been saved in /etc/ssh/ssh_host_dsa_key.pub.
[42627.045490] cloud-init[888]: The key fingerprint is:
[42627.055787] cloud-init[888]: SHA256:RznEN/HZXGxqmV5ysi/4Y1xaJp+vIW3ZP8ZNBhGvutU root@ubuntu-bionic
[42627.085060] cloud-init[888]: The key's randomart image is:
[42627.090912] cloud-init[888]: +---[DSA 1024]----+
[42627.095242] cloud-init[888]: |         .. ...o.|
[42627.100032] cloud-init[888]: |         ...o..=+|
[42627.109876] cloud-init[888]: |          +. .o*+|
[42627.115402] cloud-init[888]: |         . .  O.o|
[42627.125947] cloud-init[888]: |        S .  o.B |
[42627.133951] cloud-init[888]: |         .   o++*|
[42627.140541] cloud-init[888]: |            ooB@E|
[42627.147694] cloud-init[888]: |            .=**=|
[42627.151872] cloud-init[888]: |            .o++=|
[[0;32m  OK  [0m] Started Message of the Day.
[[0;32m  OK  [0m] [42627.177364] cloud-init[888]: +----[SHA256]-----+
[42627.177793] cloud-init[888]: Generating public/private ecdsa key pair.
[42627.177865] cloud-init[888]: Your identification has been saved in /etc/ssh/ssh_host_ecdsa_key.
Started ACPI Events Check.[42627.181638] cloud-init[888]: Your public key has been saved in /etc/ssh/ssh_host_ecdsa_key.pub.
[42627.198559] cloud-init[888]: The key fingerprint is:
[42627.199513] cloud-init[888]: SHA256:TpqwvrsSdtGOkt/GUNc238TPcjBlRE86wqtLelumjwA root@ubuntu-bionic
[42627.202990] cloud-init[888]: The key's randomart image is:
[42627.203809] cloud-init[888]: +---[ECDSA 256]---+
[42627.205756] cloud-init[888]: |               o+|
[42627.206237] cloud-init[888]: |           .   o+|
[42627.207049] cloud-init[888]: |     .   .  o.oo.|
[42627.207878] cloud-init[888]: |    . o . +  o=. |
[42627.213165] cloud-init[888]: |   ..=E.S. o.o = |
[42627.213966] cloud-init[888]: |  = +o.*   .. o +|
[42627.214730] cloud-init[888]: | . =.+o o o o  o |
[42627.215431] cloud-init[888]: |  ... +  +.*     |
[42627.215985] cloud-init[888]: |   .==  ..=o.    |
[42627.217626] cloud-init[888]: +----[SHA256]-----+
[42627.217998] cloud-init[888]: Generating public/private ed25519 key pair.
[42627.218671] cloud-init[888]: Your identification has been saved in /etc/ssh/ssh_host_ed25519_key.
[42627.219368] cloud-init[888]: Your public key has been saved in /etc/ssh/ssh_host_ed25519_key.pub.
[42627.220905] cloud-init[888]: The key fingerprint is:
[42627.221590] cloud-init[888]: SHA256:r1PNme3v12yR9ObHGcd0g1WF04aQ6otbNDsKjlapQbQ root@ubuntu-bionic
[42627.222243] cloud-init[888]: The key's randomart image is:
[42627.223084] cloud-init[888]: +--[ED25519 256]--+
[42627.223907] cloud-init[888]: |            .o +=|
[42627.225588] cloud-init[888]: |    .       . +.o|
[42627.267027] cloud-init[888]: |   . .     .  oo |
[42627.267663] cloud-init[888]: |    E     .  . oo|
[42627.270604] cloud-init[888]: |   .   .S.oo +.o=|
[42627.271530] cloud-init[888]: |    . o  ooo= .+=|
[42627.273828] cloud-init[888]: |     +.  o=. . =*|
[42627.274162] cloud-init[888]: |    oo .o+..  ..O|
[42627.275080] cloud-init[888]: |   .. . +o     +=|
[42627.279028] cloud-init[888]: +----[SHA256]-----+

[[0;32m  OK  [0m] Started Trigger to poll for Ubuntu …(Only enabled on GCP LTS non-pro).
[[0;32m  OK  [0m] Started Daily Cleanup of Temporary Directories.
[[0;32m  OK  [0m] Listening on Open-iSCSI iscsid Socket.
[[0;32m  OK  [0m] Reached target Paths.
[[0;32m  OK  [0m] Listening on UUID daemon activation socket.
[[0;32m  OK  [0m] Started Daily apt download activities.
[[0;32m  OK  [0m] Started Discard unused blocks once a week.
         Starting Socket activation for snappy daemon.
         Starting LXD - unix socket.
[[0;32m  OK  [0m] Started Ubuntu Advantage Timer for running repeated jobs.
[[0;32m  OK  [0m] Listening on ACPID Listen Socket.
[[0;32m  OK  [0m] Listening on cloud-init hotplug hook socket.
[[0;32m  OK  [0m] Started Daily apt upgrade and clean activities.
[[0;32m  OK  [0m] Reached target Timers.
[[0;32m  OK  [0m] Listening on D-Bus System Message Bus Socket.
[[0;32m  OK  [0m] Reached target Cloud-config availability.
[[0;32m  OK  [0m] Reached target Network is Online.
[[0;32m  OK  [0m] Reached target Remote File Systems (Pre).
[[0;32m  OK  [0m] Reached target Remote File Systems.
         Starting Availability of block devices...
[[0;32m  OK  [0m] Listening on Socket activation for snappy daemon.
[[0;32m  OK  [0m] Listening on LXD - unix socket.
[[0;32m  OK  [0m] Started Availability of block devices.
         Starting Cleanup of Temporary Directories...
[[0;32m  OK  [0m] Reached target Sockets.
[[0;32m  OK  [0m] Reached target Basic System.
         Starting Pollinate to seed the pseudo random number generator...
[[0;32m  OK  [0m] Started Regular background program processing daemon.
[[0;32m  OK  [0m] Started FUSE filesystem for LXC.
         Starting LSB: automatic crash report generation...
         Starting Login Service...
         Starting Dispatcher daemon for systemd-networkd...
         Starting LSB: Record successful boot for GRUB...
[[0;32m  OK  [0m] Started irqbalance daemon.
         Starting Permit User Sessions...
         Starting Accounts Service...
[[0;32m  OK  [0m] Started Deferred execution scheduler.
         Starting LXD - container startup/shutdown...
[[0;32m  OK  [0m] Started D-Bus System Message Bus.
         Starting Snap Daemon...
         Starting Virtualbox guest utils...
         Starting System Logging Service...
[[0;32m  OK  [0m] Started Cleanup of Temporary Directories.
[[0;32m  OK  [0m] Started Permit User Sessions.
[[0;32m  OK  [0m] Started Login Service.
[[0;32m  OK  [0m] Started Unattended Upgrades Shutdown.
         Starting Terminate Plymouth Boot Screen...
         Starting Hold until boot process finishes up...
[[0;32m  OK  [0m] Started Terminate Plymouth Boot Screen.
[[0;32m  OK  [0m] Started Hold until boot process finishes up.
         Starting Set console scheme...
[[0;32m  OK  [0m] Started Serial Getty on ttyS0.
[[0;32m  OK  [0m] Started System Logging Service.
[[0;32m  OK  [0m] Started LSB: automatic crash report generation.
[[0;32m  OK  [0m] Started Set console scheme.
[[0;32m  OK  [0m] Created slice system-getty.slice.
[[0;32m  OK  [0m] Started Getty on tty1.
[[0;32m  OK  [0m] Reached target Login Prompts.
         Starting Authorization Manager...
[[0;32m  OK  [0m] Started LSB: Record successful boot for GRUB.
[[0;32m  OK  [0m] Started Authorization Manager.
[[0;32m  OK  [0m] Started Accounts Service.
[[0;32m  OK  [0m] Started Dispatcher daemon for systemd-networkd.
[[0;32m  OK  [0m] Started Virtualbox guest utils.
[[0;32m  OK  [0m] Started LXD - container startup/shutdown.
[[0;32m  OK  [0m] Started Pollinate to seed the pseudo random number generator.
         Starting OpenBSD Secure Shell server...
[[0;32m  OK  [0m] Started OpenBSD Secure Shell server.
[[0;32m  OK  [0m] Started Snap Daemon.
         Starting Wait until snapd is fully seeded...
[[0;32m  OK  [0m] Started Wait until snapd is fully seeded.
[[0;32m  OK  [0m] Reached target Multi-User System.
[[0;32m  OK  [0m] Reached target Graphical Interface.
         Starting Update UTMP about System Runlevel Changes...
         Starting Apply the settings specified in cloud-config...
[[0;32m  OK  [0m] Started Update UTMP about System Runlevel Changes.
[42633.872465] cloud-init[1327]: Cloud-init v. 21.4-0ubuntu1~18.04.1 running 'modules:config' at Tue, 04 Jan 2022 12:26:37 +0000. Up 42632.46 seconds.

Ubuntu 18.04.6 LTS ubuntu-bionic ttyS0

ubuntu-bionic login: ci-info: no authorized SSH keys fingerprints found for user ubuntu.
<14>Jan  4 12:26:40 cloud-init: #############################################################
<14>Jan  4 12:26:40 cloud-init: -----BEGIN SSH HOST KEY FINGERPRINTS-----
<14>Jan  4 12:26:40 cloud-init: 1024 SHA256:RznEN/HZXGxqmV5ysi/4Y1xaJp+vIW3ZP8ZNBhGvutU root@ubuntu-bionic (DSA)
<14>Jan  4 12:26:40 cloud-init: 256 SHA256:TpqwvrsSdtGOkt/GUNc238TPcjBlRE86wqtLelumjwA root@ubuntu-bionic (ECDSA)
<14>Jan  4 12:26:40 cloud-init: 256 SHA256:r1PNme3v12yR9ObHGcd0g1WF04aQ6otbNDsKjlapQbQ root@ubuntu-bionic (ED25519)
<14>Jan  4 12:26:40 cloud-init: 2048 SHA256:UBY26NI3jH4poLcbK7a7EtSvGfXcQkvuC0AZ4NfdFs4 root@ubuntu-bionic (RSA)
<14>Jan  4 12:26:40 cloud-init: -----END SSH HOST KEY FINGERPRINTS-----
<14>Jan  4 12:26:40 cloud-init: #############################################################
-----BEGIN SSH HOST KEY KEYS-----
ecdsa-sha2-nistp256 AAAAE2VjZHNhLXNoYTItbmlzdHAyNTYAAAAIbmlzdHAyNTYAAABBBFGoHbhBBMBcaA4/IsT6j3X3ydI95xkddP94n/1zK3cLbP+nPa9kjKpqKzw6o2D7Z99sFQ5/HUpgyI/HKfIYUfE= root@ubuntu-bionic
ssh-ed25519 AAAAC3NzaC1lZDI1NTE5AAAAIJik7a91QTFVKlxwN573gS4t17kUANP01LMorGsxzzRt root@ubuntu-bionic
ssh-rsa AAAAB3NzaC1yc2EAAAADAQABAAABAQDl4iOz6s3kl8XRudEv4FHGtZLElRBAG6JhRiBoAL398YGMj22omIlYs1YXKrUmsnfhGLHUUYpuB4918Kvz0G+7KQneucS4ZBK3laJ2h8Z8QI1BJcGsm8six30yr+7zRQJ/mzDWH/Y7tTzWePf6xoIlYT05gqQief9xlBxtpTHSjqRTcXhKAtf5BXPxRpAMEa0CUlE5hSX/Lh+35cd4qEsz8lkjQOUREdzcGHuME6JDhDSsEnOny5lwCiHqm9OCylg6cU0zCp5SzH54vDAjcGabxTM2hipj2Hq2D22qXS9Iy1ISqErH8Fvo8yHL8NHHB9yPlFNdjx2Xk7r4rGkpn0Nf root@ubuntu-bionic
-----END SSH HOST KEY KEYS-----
[42635.603563] cloud-init[1370]: Cloud-init v. 21.4-0ubuntu1~18.04.1 running 'modules:final' at Tue, 04 Jan 2022 12:26:40 +0000. Up 42635.03 seconds.
[42635.603766] cloud-init[1370]: ci-info: no authorized SSH keys fingerprints found for user ubuntu.
[42635.603844] cloud-init[1370]: Cloud-init v. 21.4-0ubuntu1~18.04.1 finished at Tue, 04 Jan 2022 12:26:40 +0000. Datasource DataSourceNoCloud [seed=/dev/sdb][dsmode=net].  Up 42635.52 seconds
